[INFO] [2019-02-21 14:36:03][org.springframework.beans.factory.xml.XmlBeanDefinitionReader]Loading XML bean definitions from class path resource [spring-mybatis.xml]
[INFO] [2019-02-21 14:36:04][org.springframework.context.support.GenericApplicationContext]Refreshing org.springframework.context.support.GenericApplicationContext@17550481: startup date [Thu Feb 21 14:36:04 GMT+08:00 2019]; root of context hierarchy
[INFO] [2019-02-21 14:36:04][org.springframework.beans.factory.config.PropertyPlaceholderConfigurer]Loading properties file from class path resource [jdbc.properties]
[INFO] [2019-02-21 14:36:04][org.springframework.beans.factory.annotation.AutowiredAnnotationBeanPostProcessor]JSR-330 'javax.inject.Inject' annotation found and supported for autowiring
[INFO] [2019-02-21 14:36:04][org.springframework.context.support.ClassPathXmlApplicationContext]Refreshing org.springframework.context.support.ClassPathXmlApplicationContext@1fb700ee: startup date [Thu Feb 21 14:36:04 GMT+08:00 2019]; root of context hierarchy
[INFO] [2019-02-21 14:36:04][org.springframework.beans.factory.xml.XmlBeanDefinitionReader]Loading XML bean definitions from class path resource [spring-mybatis.xml]
[INFO] [2019-02-21 14:36:04][org.springframework.beans.factory.config.PropertyPlaceholderConfigurer]Loading properties file from class path resource [jdbc.properties]
[INFO] [2019-02-21 14:36:04][org.springframework.beans.factory.annotation.AutowiredAnnotationBeanPostProcessor]JSR-330 'javax.inject.Inject' annotation found and supported for autowiring
[INFO] [2019-02-21 14:36:04][org.springframework.beans.factory.xml.XmlBeanDefinitionReader]Loading XML bean definitions from class path resource [org/springframework/jdbc/support/sql-error-codes.xml]
[INFO] [2019-02-21 14:36:04][org.springframework.jdbc.support.SQLErrorCodesFactory]SQLErrorCodes loaded: [DB2, Derby, H2, HSQL, Informix, MS-SQL, MySQL, Oracle, PostgreSQL, Sybase]
[INFO] [2019-02-21 14:36:04][org.springframework.context.support.GenericApplicationContext]Closing org.springframework.context.support.GenericApplicationContext@17550481: startup date [Thu Feb 21 14:36:04 GMT+08:00 2019]; root of context hierarchy
[INFO] [2019-02-21 14:36:56][org.springframework.beans.factory.xml.XmlBeanDefinitionReader]Loading XML bean definitions from class path resource [spring-mybatis.xml]
[INFO] [2019-02-21 14:36:56][org.springframework.context.support.GenericApplicationContext]Refreshing org.springframework.context.support.GenericApplicationContext@17550481: startup date [Thu Feb 21 14:36:56 GMT+08:00 2019]; root of context hierarchy
[INFO] [2019-02-21 14:36:56][org.springframework.beans.factory.config.PropertyPlaceholderConfigurer]Loading properties file from class path resource [jdbc.properties]
[INFO] [2019-02-21 14:36:56][org.springframework.beans.factory.annotation.AutowiredAnnotationBeanPostProcessor]JSR-330 'javax.inject.Inject' annotation found and supported for autowiring
[INFO] [2019-02-21 14:36:56][org.springframework.context.support.ClassPathXmlApplicationContext]Refreshing org.springframework.context.support.ClassPathXmlApplicationContext@1fb700ee: startup date [Thu Feb 21 14:36:56 GMT+08:00 2019]; root of context hierarchy
[INFO] [2019-02-21 14:36:56][org.springframework.beans.factory.xml.XmlBeanDefinitionReader]Loading XML bean definitions from class path resource [spring-mybatis.xml]
[INFO] [2019-02-21 14:36:56][org.springframework.beans.factory.config.PropertyPlaceholderConfigurer]Loading properties file from class path resource [jdbc.properties]
[INFO] [2019-02-21 14:36:56][org.springframework.beans.factory.annotation.AutowiredAnnotationBeanPostProcessor]JSR-330 'javax.inject.Inject' annotation found and supported for autowiring
[INFO] [2019-02-21 14:36:57][TestMyBatis]÷µ£∫≤‚ ‘
[INFO] [2019-02-21 14:36:57][TestMyBatis]{"age":24,"id":1,"password":"sfasgfaf","userName":"≤‚ ‘"}
[INFO] [2019-02-21 14:36:57][org.springframework.context.support.GenericApplicationContext]Closing org.springframework.context.support.GenericApplicationContext@17550481: startup date [Thu Feb 21 14:36:56 GMT+08:00 2019]; root of context hierarchy
[INFO] [2019-02-21 16:43:42][org.springframework.beans.factory.xml.XmlBeanDefinitionReader]Loading XML bean definitions from class path resource [spring-mybatis.xml]
[INFO] [2019-02-21 16:43:42][org.springframework.context.support.GenericApplicationContext]Refreshing org.springframework.context.support.GenericApplicationContext@17550481: startup date [Thu Feb 21 16:43:42 GMT+08:00 2019]; root of context hierarchy
[INFO] [2019-02-21 16:43:42][org.springframework.beans.factory.config.PropertyPlaceholderConfigurer]Loading properties file from class path resource [jdbc.properties]
[INFO] [2019-02-21 16:43:42][org.springframework.beans.factory.annotation.AutowiredAnnotationBeanPostProcessor]JSR-330 'javax.inject.Inject' annotation found and supported for autowiring
[INFO] [2019-02-21 16:43:42][org.springframework.context.support.ClassPathXmlApplicationContext]Refreshing org.springframework.context.support.ClassPathXmlApplicationContext@52102734: startup date [Thu Feb 21 16:43:42 GMT+08:00 2019]; root of context hierarchy
[INFO] [2019-02-21 16:43:42][org.springframework.beans.factory.xml.XmlBeanDefinitionReader]Loading XML bean definitions from class path resource [spring-mybatis.xml]
[INFO] [2019-02-21 16:43:42][org.springframework.beans.factory.config.PropertyPlaceholderConfigurer]Loading properties file from class path resource [jdbc.properties]
[INFO] [2019-02-21 16:43:42][org.springframework.beans.factory.annotation.AutowiredAnnotationBeanPostProcessor]JSR-330 'javax.inject.Inject' annotation found and supported for autowiring
[INFO] [2019-02-21 16:43:43][TestMyBatis]÷µ£∫≤‚ ‘
[INFO] [2019-02-21 16:43:43][TestMyBatis]{"age":24,"id":1,"password":"sfasgfaf","userName":"≤‚ ‘"}
[INFO] [2019-02-21 16:43:43][org.springframework.context.support.GenericApplicationContext]Closing org.springframework.context.support.GenericApplicationContext@17550481: startup date [Thu Feb 21 16:43:42 GMT+08:00 2019]; root of context hierarchy
